2026-03-08 13:30:38,270 - Monitor iniciado
2026-03-08 13:30:38,270 - Iniciando servicio principal
2026-03-08 13:30:43,281 - Servicio funcionando correctamente
2026-03-08 13:30:48,282 - Servicio funcionando correctamente
2026-03-08 13:30:53,282 - Servicio funcionando correctamente
2026-03-08 13:30:58,284 - Servicio funcionando correctamente
2026-03-08 13:31:03,284 - Servicio funcionando correctamente
2026-03-08 13:31:08,285 - Servicio funcionando correctamente
2026-03-08 13:31:13,285 - Servicio funcionando correctamente
2026-03-08 13:31:18,287 - Servicio funcionando correctamente
2026-03-08 13:31:23,287 - Servicio funcionando correctamente
2026-03-08 13:31:28,288 - Servicio funcionando correctamente
2026-03-08 13:31:33,289 - Servicio funcionando correctamente
2026-03-08 13:31:38,291 - Servicio funcionando correctamente
2026-03-08 13:31:43,292 - Servicio funcionando correctamente
2026-03-08 13:31:48,293 - Servicio funcionando correctamente
2026-03-08 13:31:53,294 - Servicio funcionando correctamente
2026-03-08 13:31:58,295 - Servicio funcionando correctamente
2026-03-08 13:32:03,296 - Servicio detenido inesperadamente. Reiniciando...
2026-03-08 13:32:03,296 - Iniciando servicio principal
2026-03-08 13:32:08,302 - Servicio funcionando correctamente
2026-03-08 13:32:13,302 - Servicio funcionando correctamente
2026-03-08 13:32:18,303 - Servicio funcionando correctamente
2026-03-08 13:32:23,304 - Servicio funcionando correctamente
2026-03-08 13:32:28,304 - Servicio funcionando correctamente
2026-03-08 13:32:33,305 - Servicio funcionando correctamente
2026-03-08 13:32:38,306 - Servicio funcionando correctamente
2026-03-08 13:32:43,307 - Servicio funcionando correctamente
2026-03-08 13:32:48,308 - Servicio funcionando correctamente
2026-03-08 13:32:53,309 - Servicio funcionando correctamente
2026-03-08 13:32:58,310 - Servicio funcionando correctamente
2026-03-08 13:33:03,310 - Servicio funcionando correctamente
2026-03-08 13:33:08,311 - Servicio funcionando correctamente
2026-03-08 13:33:13,312 - Servicio detenido inesperadamente. Reiniciando...
2026-03-08 13:33:13,312 - Iniciando servicio principal
2026-03-08 13:33:18,317 - Servicio funcionando correctamente
2026-03-08 13:33:23,318 - Servicio detenido inesperadamente. Reiniciando...
2026-03-08 13:33:23,318 - Iniciando servicio principal
2026-03-08 13:33:28,324 - Servicio funcionando correctamente
2026-03-08 13:33:33,325 - Servicio detenido inesperadamente. Reiniciando...
2026-03-08 13:33:33,325 - Iniciando servicio principal
2026-03-08 13:33:38,336 - Servicio funcionando correctamente
2026-03-08 13:33:43,337 - Servicio funcionando correctamente
2026-03-08 13:33:48,337 - Servicio funcionando correctamente
2026-03-08 13:33:53,338 - Servicio detenido inesperadamente. Reiniciando...
2026-03-08 13:33:53,339 - Iniciando servicio principal
2026-03-08 13:33:58,348 - Servicio funcionando correctamente
2026-03-08 13:34:03,349 - Servicio funcionando correctamente
2026-03-08 13:34:08,349 - Servicio funcionando correctamente
2026-03-08 13:34:13,350 - Servicio funcionando correctamente
2026-03-08 13:34:18,351 - Servicio funcionando correctamente
2026-03-08 13:34:23,352 - Servicio funcionando correctamente
2026-03-08 13:34:28,353 - Servicio detenido inesperadamente. Reiniciando...
2026-03-08 13:34:28,353 - Iniciando servicio principal
2026-03-08 13:34:33,357 - Servicio funcionando correctamente
2026-03-08 13:34:38,358 - Servicio funcionando correctamente
2026-03-08 13:34:43,359 - Servicio funcionando correctamente
2026-03-08 13:34:48,359 - Servicio funcionando correctamente
2026-03-08 13:34:53,360 - Servicio funcionando correctamente
2026-03-08 13:34:58,360 - Servicio funcionando correctamente
2026-03-08 13:35:03,361 - Servicio detenido inesperadamente. Reiniciando...
2026-03-08 13:35:03,362 - Iniciando servicio principal
2026-03-08 13:35:08,369 - Servicio detenido inesperadamente. Reiniciando...
2026-03-08 13:35:08,369 - Iniciando servicio principal
2026-03-08 13:35:13,375 - Servicio funcionando correctamente
2026-03-08 13:35:18,375 - Servicio funcionando correctamente
2026-03-08 13:35:23,375 - Servicio funcionando correctamente
2026-03-08 13:35:28,376 - Servicio funcionando correctamente
2026-03-08 13:35:43,972 - Monitor iniciado
2026-03-08 13:35:43,972 - Iniciando servicio principal
2026-03-08 13:35:48,983 - Servicio funcionando correctamente
2026-03-08 13:35:53,984 - Servicio funcionando correctamente
2026-03-08 13:35:58,985 - Servicio funcionando correctamente
2026-03-08 13:36:03,986 - Servicio funcionando correctamente
2026-03-08 13:36:08,987 - Servicio funcionando correctamente
2026-03-08 13:36:13,988 - Servicio funcionando correctamente
2026-03-08 13:36:16,225 - Monitor detenido manualmente
2026-03-08 13:36:16,226 - Servicio terminado por el monitor
