2026-03-08 13:30:38,343 - Servicio principal iniciado
2026-03-08 13:30:38,344 - Servicio ejecutando tarea
2026-03-08 13:30:42,344 - Servicio ejecutando tarea
2026-03-08 13:30:46,345 - Servicio ejecutando tarea
2026-03-08 13:30:50,346 - Servicio ejecutando tarea
2026-03-08 13:30:54,347 - Servicio ejecutando tarea
2026-03-08 13:30:58,347 - Servicio ejecutando tarea
2026-03-08 13:31:02,348 - Servicio ejecutando tarea
2026-03-08 13:31:06,349 - Servicio ejecutando tarea
2026-03-08 13:31:10,350 - Servicio ejecutando tarea
2026-03-08 13:31:14,351 - Servicio ejecutando tarea
2026-03-08 13:31:18,352 - Servicio ejecutando tarea
2026-03-08 13:31:22,352 - Servicio ejecutando tarea
2026-03-08 13:31:26,353 - Servicio ejecutando tarea
2026-03-08 13:31:30,355 - Servicio ejecutando tarea
2026-03-08 13:31:34,356 - Servicio ejecutando tarea
2026-03-08 13:31:38,357 - Servicio ejecutando tarea
2026-03-08 13:31:42,358 - Servicio ejecutando tarea
2026-03-08 13:31:46,359 - Servicio ejecutando tarea
2026-03-08 13:31:50,360 - Servicio ejecutando tarea
2026-03-08 13:31:54,360 - Servicio ejecutando tarea
2026-03-08 13:31:58,360 - Servicio ejecutando tarea
2026-03-08 13:32:02,361 - Falla crítica simulada
2026-03-08 13:32:03,395 - Servicio principal iniciado
2026-03-08 13:32:03,395 - Servicio ejecutando tarea
2026-03-08 13:32:07,396 - Servicio ejecutando tarea
2026-03-08 13:32:11,397 - Servicio ejecutando tarea
2026-03-08 13:32:15,397 - Servicio ejecutando tarea
2026-03-08 13:32:19,398 - Servicio ejecutando tarea
2026-03-08 13:32:23,399 - Servicio ejecutando tarea
2026-03-08 13:32:27,401 - Servicio ejecutando tarea
2026-03-08 13:32:31,402 - Servicio ejecutando tarea
2026-03-08 13:32:35,403 - Servicio ejecutando tarea
2026-03-08 13:32:39,404 - Servicio ejecutando tarea
2026-03-08 13:32:43,405 - Servicio ejecutando tarea
2026-03-08 13:32:47,407 - Servicio ejecutando tarea
2026-03-08 13:32:51,408 - Servicio ejecutando tarea
2026-03-08 13:32:55,408 - Servicio ejecutando tarea
2026-03-08 13:32:59,409 - Servicio ejecutando tarea
2026-03-08 13:33:03,410 - Servicio ejecutando tarea
2026-03-08 13:33:07,411 - Servicio ejecutando tarea
2026-03-08 13:33:11,411 - Falla crítica simulada
2026-03-08 13:33:13,393 - Servicio principal iniciado
2026-03-08 13:33:13,393 - Servicio ejecutando tarea
2026-03-08 13:33:17,394 - Servicio ejecutando tarea
2026-03-08 13:33:21,394 - Falla crítica simulada
2026-03-08 13:33:23,409 - Servicio principal iniciado
2026-03-08 13:33:23,409 - Servicio ejecutando tarea
2026-03-08 13:33:27,410 - Servicio ejecutando tarea
2026-03-08 13:33:31,411 - Falla crítica simulada
2026-03-08 13:33:33,418 - Servicio principal iniciado
2026-03-08 13:33:33,418 - Servicio ejecutando tarea
2026-03-08 13:33:37,418 - Servicio ejecutando tarea
2026-03-08 13:33:41,419 - Servicio ejecutando tarea
2026-03-08 13:33:45,420 - Servicio ejecutando tarea
2026-03-08 13:33:49,421 - Falla crítica simulada
2026-03-08 13:33:53,422 - Servicio principal iniciado
2026-03-08 13:33:53,422 - Servicio ejecutando tarea
2026-03-08 13:33:57,422 - Servicio ejecutando tarea
2026-03-08 13:34:01,423 - Servicio ejecutando tarea
2026-03-08 13:34:05,424 - Servicio ejecutando tarea
2026-03-08 13:34:09,426 - Servicio ejecutando tarea
2026-03-08 13:34:13,427 - Servicio ejecutando tarea
2026-03-08 13:34:17,427 - Servicio ejecutando tarea
2026-03-08 13:34:21,428 - Servicio ejecutando tarea
2026-03-08 13:34:25,437 - Falla crítica simulada
2026-03-08 13:34:28,442 - Servicio principal iniciado
2026-03-08 13:34:28,443 - Servicio ejecutando tarea
2026-03-08 13:34:32,443 - Servicio ejecutando tarea
2026-03-08 13:34:36,443 - Servicio ejecutando tarea
2026-03-08 13:34:40,445 - Servicio ejecutando tarea
2026-03-08 13:34:44,445 - Servicio ejecutando tarea
2026-03-08 13:34:48,446 - Servicio ejecutando tarea
2026-03-08 13:34:52,447 - Servicio ejecutando tarea
2026-03-08 13:34:56,449 - Servicio ejecutando tarea
2026-03-08 13:35:00,450 - Falla crítica simulada
2026-03-08 13:35:03,450 - Servicio principal iniciado
2026-03-08 13:35:03,450 - Ejecutando tarea
2026-03-08 13:35:07,450 - Falla crítica simulada
2026-03-08 13:35:08,450 - Servicio principal iniciado
2026-03-08 13:35:08,450 - Ejecutando tarea
2026-03-08 13:35:12,451 - Ejecutando tarea
2026-03-08 13:35:16,451 - Ejecutando tarea
2026-03-08 13:35:20,452 - Ejecutando tarea
2026-03-08 13:35:24,452 - Ejecutando tarea
2026-03-08 13:35:28,453 - Ejecutando tarea
2026-03-08 13:35:44,070 - Servicio principal iniciado
2026-03-08 13:35:44,070 - Ejecutando tarea
2026-03-08 13:35:48,071 - Ejecutando tarea
2026-03-08 13:35:52,071 - Ejecutando tarea
2026-03-08 13:35:56,072 - Ejecutando tarea
2026-03-08 13:36:00,073 - Ejecutando tarea
2026-03-08 13:36:04,074 - Ejecutando tarea
2026-03-08 13:36:08,075 - Ejecutando tarea
2026-03-08 13:36:12,075 - Ejecutando tarea
2026-03-08 13:36:16,076 - Ejecutando tarea
2026-03-08 13:36:16,225 - Servicio recibió seńal de cierre
